Started at Sat Dec 03 01:07:42 UTC 2022
Processing build_number
Offering build_number to Project Build Discarder
Processing Declarative_Pipeline1
Offering Declarative_Pipeline1 to Project Build Discarder
Processing Nav
Offering Nav to Project Build Discarder
Processing Nav1
Offering Nav1 to Project Build Discarder
Processing New
Offering New to Project Build Discarder
Processing Path
Offering Path to Project Build Discarder
Processing present_build_deploy
Offering present_build_deploy to Project Build Discarder
Finished at Sat Dec 03 01:07:42 UTC 2022. 17ms
Started at Sat Dec 03 02:07:42 UTC 2022
Processing build_number
Offering build_number to Project Build Discarder
Processing Declarative_Pipeline1
Offering Declarative_Pipeline1 to Project Build Discarder
Processing Nav
Offering Nav to Project Build Discarder
Processing Nav1
Offering Nav1 to Project Build Discarder
Processing New
Offering New to Project Build Discarder
Processing Path
Offering Path to Project Build Discarder
Processing present_build_deploy
Offering present_build_deploy to Project Build Discarder
Finished at Sat Dec 03 02:07:42 UTC 2022. 13ms
Started at Sat Dec 03 03:07:42 UTC 2022
Processing back_up_today
Offering back_up_today to Project Build Discarder
Processing build_number
Offering build_number to Project Build Discarder
Processing Declarative_Pipeline1
Offering Declarative_Pipeline1 to Project Build Discarder
Processing Nav
Offering Nav to Project Build Discarder
Processing Nav1
Offering Nav1 to Project Build Discarder
Processing New
Offering New to Project Build Discarder
Processing Path
Offering Path to Project Build Discarder
Processing present_build_deploy
Offering present_build_deploy to Project Build Discarder
Finished at Sat Dec 03 03:07:42 UTC 2022. 4ms
Started at Sat Dec 03 04:07:42 UTC 2022
Processing back_up_today
Offering back_up_today to Project Build Discarder
Processing build_number
Offering build_number to Project Build Discarder
Processing Declarative_Pipeline1
Offering Declarative_Pipeline1 to Project Build Discarder
Processing Nav
Offering Nav to Project Build Discarder
Processing Nav1
Offering Nav1 to Project Build Discarder
Processing New
Offering New to Project Build Discarder
Processing Path
Offering Path to Project Build Discarder
Processing present_build_deploy
Offering present_build_deploy to Project Build Discarder
Finished at Sat Dec 03 04:07:42 UTC 2022. 3ms
Started at Sat Dec 03 05:07:42 UTC 2022
Processing back_up_today
Offering back_up_today to Project Build Discarder
Processing build_number
Offering build_number to Project Build Discarder
Processing Declarative_Pipeline1
Offering Declarative_Pipeline1 to Project Build Discarder
Processing Nav
Offering Nav to Project Build Discarder
Processing Nav1
Offering Nav1 to Project Build Discarder
Processing New
Offering New to Project Build Discarder
Processing Path
Offering Path to Project Build Discarder
Processing present_build_deploy
Offering present_build_deploy to Project Build Discarder
Finished at Sat Dec 03 05:07:42 UTC 2022. 3ms
Started at Sat Dec 03 06:07:42 UTC 2022
Processing back_up_today
Offering back_up_today to Project Build Discarder
Processing build_number
Offering build_number to Project Build Discarder
Processing Declarative_Pipeline1
Offering Declarative_Pipeline1 to Project Build Discarder
Processing Nav
Offering Nav to Project Build Discarder
Processing Nav1
Offering Nav1 to Project Build Discarder
Processing New
Offering New to Project Build Discarder
Processing Path
Offering Path to Project Build Discarder
Processing present_build_deploy
Offering present_build_deploy to Project Build Discarder
Finished at Sat Dec 03 06:07:42 UTC 2022. 2ms
Started at Sat Dec 03 07:07:42 UTC 2022
Processing back_up_today
Offering back_up_today to Project Build Discarder
Processing build_number
Offering build_number to Project Build Discarder
Processing Declarative_Pipeline1
Offering Declarative_Pipeline1 to Project Build Discarder
Processing Nav
Offering Nav to Project Build Discarder
Processing Nav1
Offering Nav1 to Project Build Discarder
Processing New
Offering New to Project Build Discarder
Processing Path
Offering Path to Project Build Discarder
Processing present_build_deploy
Offering present_build_deploy to Project Build Discarder
Finished at Sat Dec 03 07:07:42 UTC 2022. 7ms
Started at Sat Dec 03 08:07:42 UTC 2022
Processing back_up_today
Offering back_up_today to Project Build Discarder
Processing build_number
Offering build_number to Project Build Discarder
Processing Declarative_Pipeline1
Offering Declarative_Pipeline1 to Project Build Discarder
Processing Nav
Offering Nav to Project Build Discarder
Processing Nav1
Offering Nav1 to Project Build Discarder
Processing New
Offering New to Project Build Discarder
Processing Path
Offering Path to Project Build Discarder
Processing present_build_deploy
Offering present_build_deploy to Project Build Discarder
Finished at Sat Dec 03 08:07:42 UTC 2022. 1ms
Started at Sat Dec 03 09:07:42 UTC 2022
Processing back_up_today
Offering back_up_today to Project Build Discarder
Processing build_number
Offering build_number to Project Build Discarder
Processing Declarative_Pipeline1
Offering Declarative_Pipeline1 to Project Build Discarder
Processing Nav
Offering Nav to Project Build Discarder
Processing Nav1
Offering Nav1 to Project Build Discarder
Processing New
Offering New to Project Build Discarder
Processing Path
Offering Path to Project Build Discarder
Processing present_build_deploy
Offering present_build_deploy to Project Build Discarder
Finished at Sat Dec 03 09:07:42 UTC 2022. 2ms
Started at Sat Dec 03 10:07:42 UTC 2022
Processing back_up_today
Offering back_up_today to Project Build Discarder
Processing build_number
Offering build_number to Project Build Discarder
Processing Declarative_Pipeline1
Offering Declarative_Pipeline1 to Project Build Discarder
Processing Nav
Offering Nav to Project Build Discarder
Processing Nav1
Offering Nav1 to Project Build Discarder
Processing New
Offering New to Project Build Discarder
Processing Path
Offering Path to Project Build Discarder
Processing present_build_deploy
Offering present_build_deploy to Project Build Discarder
Finished at Sat Dec 03 10:07:42 UTC 2022. 3ms
Started at Sat Dec 03 11:07:42 UTC 2022
Processing back_up_today
Offering back_up_today to Project Build Discarder
Processing build_number
Offering build_number to Project Build Discarder
Processing Declarative_Pipeline1
Offering Declarative_Pipeline1 to Project Build Discarder
Processing Nav
Offering Nav to Project Build Discarder
Processing Nav1
Offering Nav1 to Project Build Discarder
Processing New
Offering New to Project Build Discarder
Processing Path
Offering Path to Project Build Discarder
Processing present_build_deploy
Offering present_build_deploy to Project Build Discarder
Finished at Sat Dec 03 11:07:42 UTC 2022. 3ms
Started at Sat Dec 03 12:07:42 UTC 2022
Processing back_up_today
Offering back_up_today to Project Build Discarder
Processing build_number
Offering build_number to Project Build Discarder
Processing Declarative_Pipeline1
Offering Declarative_Pipeline1 to Project Build Discarder
Processing Nav
Offering Nav to Project Build Discarder
Processing Nav1
Offering Nav1 to Project Build Discarder
Processing New
Offering New to Project Build Discarder
Processing Path
Offering Path to Project Build Discarder
Processing present_build_deploy
Offering present_build_deploy to Project Build Discarder
Finished at Sat Dec 03 12:07:42 UTC 2022. 5ms
Started at Sat Dec 03 13:07:42 UTC 2022
Processing back_up_today
Offering back_up_today to Project Build Discarder
Processing build_number
Offering build_number to Project Build Discarder
Processing Declarative_Pipeline1
Offering Declarative_Pipeline1 to Project Build Discarder
Processing Nav
Offering Nav to Project Build Discarder
Processing Nav1
Offering Nav1 to Project Build Discarder
Processing New
Offering New to Project Build Discarder
Processing Path
Offering Path to Project Build Discarder
Processing present_build_deploy
Offering present_build_deploy to Project Build Discarder
Finished at Sat Dec 03 13:07:42 UTC 2022. 1ms
Started at Sat Dec 03 14:07:42 UTC 2022
Processing back_up_today
Offering back_up_today to Project Build Discarder
Processing build_number
Offering build_number to Project Build Discarder
Processing Declarative_Pipeline1
Offering Declarative_Pipeline1 to Project Build Discarder
Processing Nav
Offering Nav to Project Build Discarder
Processing Nav1
Offering Nav1 to Project Build Discarder
Processing New
Offering New to Project Build Discarder
Processing Path
Offering Path to Project Build Discarder
Processing present_build_deploy
Offering present_build_deploy to Project Build Discarder
Finished at Sat Dec 03 14:07:42 UTC 2022. 2ms
Started at Sat Dec 03 15:07:42 UTC 2022
Processing back_up_today
Offering back_up_today to Project Build Discarder
Processing build_number
Offering build_number to Project Build Discarder
Processing Declarative_Pipeline1
Offering Declarative_Pipeline1 to Project Build Discarder
Processing Nav
Offering Nav to Project Build Discarder
Processing Nav1
Offering Nav1 to Project Build Discarder
Processing New
Offering New to Project Build Discarder
Processing Path
Offering Path to Project Build Discarder
Processing present_build_deploy
Offering present_build_deploy to Project Build Discarder
Finished at Sat Dec 03 15:07:42 UTC 2022. 13ms
Started at Sat Dec 03 16:07:42 UTC 2022
Processing back_up_today
Offering back_up_today to Project Build Discarder
Processing build_number
Offering build_number to Project Build Discarder
Processing Declarative_Pipeline1
Offering Declarative_Pipeline1 to Project Build Discarder
Processing Nav
Offering Nav to Project Build Discarder
Processing Nav1
Offering Nav1 to Project Build Discarder
Processing New
Offering New to Project Build Discarder
Processing Path
Offering Path to Project Build Discarder
Processing present_build_deploy
Offering present_build_deploy to Project Build Discarder
Finished at Sat Dec 03 16:07:42 UTC 2022. 10ms
